Arguments: 
  /home/max/.fnm/node-versions/v14.16.0/installation/bin/node /usr/bin/yarn add 3189140

PATH: 
  /tmp/fnm_multishell_23617_1649855445482/bin:/home/max/.zinit/plugins/junegunn---fzf-bin:/home/max/.zinit/polaris/bin:/home/max/.local/bin:/usr/local/bin:/usr/bin:/bin:/usr/local/sbin:/opt/flutter/bin:/usr/lib/jvm/default/bin:/usr/bin/site_perl:/usr/bin/vendor_perl:/usr/bin/core_perl:/var/lib/snapd/snap/bin:/home/max/go/bin:/opt/flutter/bin:/home/max/.fzf/bin

Yarn version: 
  1.22.10

Node version: 
  14.16.0

Platform: 
  linux x64

Trace: 
  Error: https://registry.npm.taobao.org/3189140: [NOT_FOUND] 3189140 not found
      at Request.params.callback [as _callback] (/usr/lib/node_modules/yarn/lib/cli.js:66988:18)
      at Request.self.callback (/usr/lib/node_modules/yarn/lib/cli.js:140662:22)
      at Request.emit (events.js:315:20)
      at Request.<anonymous> (/usr/lib/node_modules/yarn/lib/cli.js:141634:10)
      at Request.emit (events.js:315:20)
      at Gunzip.<anonymous> (/usr/lib/node_modules/yarn/lib/cli.js:141556:12)
      at Object.onceWrapper (events.js:421:28)
      at Gunzip.emit (events.js:315:20)
      at endReadableNT (internal/streams/readable.js:1327:12)
      at processTicksAndRejections (internal/process/task_queues.js:80:21)

npm manifest: 
  {
    "name": "bilibili_live_broadcast",
    "version": "1.0.0",
    "description": "",
    "main": "index.js",
    "scripts": {
      "test": "echo \"Error: no test specified\" && exit 1",
      "start": "node esbuild.js && node ./build/index.js",
      "debug": "node esbuild.js && node --inspect ./build/index.js",
      "build": "node esbuild.js"
    },
    "repository": {
      "type": "git",
      "url": "git+https://github.com/PangPangPangPangPang/bilibili_live_broadcast.git"
    },
    "author": "",
    "license": "ISC",
    "bugs": {
      "url": "https://github.com/PangPangPangPangPang/bilibili_live_broadcast/issues"
    },
    "homepage": "https://github.com/PangPangPangPangPang/bilibili_live_broadcast#readme",
    "devDependencies": {
      "@types/blessed": "^0.1.19",
      "@types/lodash": "^4.14.173",
      "@types/node": "^16.9.3",
      "esbuild": "^0.12.28",
      "typescript": "^4.4.3"
    },
    "dependencies": {
      "blessed": "^0.1.81",
      "colors": "^1.4.0",
      "lodash": "^4.17.21"
    }
  }

yarn manifest: 
  No manifest

Lockfile: 
  # THIS IS AN AUTOGENERATED FILE. DO NOT EDIT THIS FILE DIRECTLY.
  # yarn lockfile v1
  
  
  "@types/blessed@^0.1.19":
    version "0.1.19"
    resolved "https://registry.npmmirror.com/@types/blessed/-/blessed-0.1.19.tgz#aafb3ebad6036fbe63ba28285ca2bead624c3d14"
    integrity sha512-r4qnseYWBsi/kxo5AAlCS22EnTXFbGpnvuXUubJikVeRnYB3e5HwV3NtcwJ0Sk5KOGaLvo9Rtwb8hzxfbqbQPg==
    dependencies:
      "@types/node" "*"
  
  "@types/lodash@^4.14.173":
    version "4.14.181"
    resolved "https://registry.npmmirror.com/@types/lodash/-/lodash-4.14.181.tgz#d1d3740c379fda17ab175165ba04e2d03389385d"
    integrity sha512-n3tyKthHJbkiWhDZs3DkhkCzt2MexYHXlX0td5iMplyfwketaOeKboEVBqzceH7juqvEg3q5oUoBFxSLu7zFag==
  
  "@types/node@*":
    version "17.0.23"
    resolved "https://registry.npmmirror.com/@types/node/-/node-17.0.23.tgz#3b41a6e643589ac6442bdbd7a4a3ded62f33f7da"
    integrity sha512-UxDxWn7dl97rKVeVS61vErvw086aCYhDLyvRQZ5Rk65rZKepaFdm53GeqXaKBuOhED4e9uWq34IC3TdSdJJ2Gw==
  
  "@types/node@^16.9.3":
    version "16.11.26"
    resolved "https://registry.npmmirror.com/@types/node/-/node-16.11.26.tgz#63d204d136c9916fb4dcd1b50f9740fe86884e47"
    integrity sha512-GZ7bu5A6+4DtG7q9GsoHXy3ALcgeIHP4NnL0Vv2wu0uUB/yQex26v0tf6/na1mm0+bS9Uw+0DFex7aaKr2qawQ==
  
  blessed@^0.1.81:
    version "0.1.81"
    resolved "https://registry.npmmirror.com/blessed/-/blessed-0.1.81.tgz#f962d687ec2c369570ae71af843256e6d0ca1129"
    integrity sha512-LoF5gae+hlmfORcG1M5+5XZi4LBmvlXTzwJWzUlPryN/SJdSflZvROM2TwkT0GMpq7oqT48NRd4GS7BiVBc5OQ==
  
  colors@^1.4.0:
    version "1.4.0"
    resolved "https://registry.npmmirror.com/colors/-/colors-1.4.0.tgz#c50491479d4c1bdaed2c9ced32cf7c7dc2360f78"
    integrity sha512-a+UqTh4kgZg/SlGvfbzDHpgRu7AAQOmmqRHJnxhRZICKFUT91brVhNNt58CMWU9PsBbv3PDCZUHbVxuDiH2mtA==
  
  esbuild@^0.12.28:
    version "0.12.29"
    resolved "https://registry.npmmirror.com/esbuild/-/esbuild-0.12.29.tgz#be602db7c4dc78944a9dbde0d1ea19d36c1f882d"
    integrity sha512-w/XuoBCSwepyiZtIRsKsetiLDUVGPVw1E/R3VTFSecIy8UR7Cq3SOtwKHJMFoVqqVG36aGkzh4e8BvpO1Fdc7g==
  
  lodash@^4.17.21:
    version "4.17.21"
    resolved "https://registry.npmmirror.com/lodash/-/lodash-4.17.21.tgz#679591c564c3bffaae8454cf0b3df370c3d6911c"
    integrity sha512-v2kDEe57lecTulaDIuNTPy3Ry4gLGJ6Z1O3vE1krgXZNrsQ+LFTGHVxVjcXPs17LhbZVGedAJv8XZ1tvj5FvSg==
  
  typescript@^4.4.3:
    version "4.6.3"
    resolved "https://registry.npmmirror.com/typescript/-/typescript-4.6.3.tgz#eefeafa6afdd31d725584c67a0eaba80f6fc6c6c"
    integrity sha512-yNIatDa5iaofVozS/uQJEl3JRWLKKGJKh6Yaiv0GLGSuhpFJe7P3SbHZ8/yjAHRQwKRoA6YZqlfjXWmVzoVSMw==
